<?xml version="1.0" encoding="UTF-8"?>
<testsuite xmlns:xsi="http://www.w3.org/2001/XMLSchema-instance" xsi:noNamespaceSchemaLocation="https://maven.apache.org/surefire/maven-surefire-plugin/xsd/surefire-test-report-3.0.xsd" version="3.0" name="com.kuzmichev.AdMetricsBot.AdMetricsBotApplicationTests" time="5.632" tests="1" errors="0" skipped="0" failures="0">
  <properties>
[...]
</properties>
  <testcase name="contextLoads" classname="com.kuzmichev.AdMetricsBot.AdMetricsBotApplicationTests" time="0.275">
    <system-out><![CDATA[Standard Commons Logging discovery in action with spring-jcl: please remove commons-logging.jar from classpath in order to avoid potential conflicts
15:08:23.517 [main] INFO org.springframework.test.context.support.AnnotationConfigContextLoaderUtils -- Could not detect default configuration classes for test class [com.kuzmichev.AdMetricsBot.AdMetricsBotApplicationTests]: AdMetricsBotApplicationTests does not declare any static, non-private, non-final, nested classes annotated with @Configuration.
15:08:23.596 [main] INFO org.springframework.boot.test.context.SpringBootTestContextBootstrapper -- Found @SpringBootConfiguration com.kuzmichev.AdMetricsBot.AdMetricsBotApplication for test class com.kuzmichev.AdMetricsBot.AdMetricsBotApplicationTests

  .   ____          _            __ _ _
 /\\ / ___'_ __ _ _(_)_ __  __ _ \ \ \ \
( ( )\___ | '_ | '_| | '_ \/ _` | \ \ \ \
 \\/  ___)| |_)| | | | | || (_| |  ) ) ) )
  '  |____| .__|_| |_|_| |_\__, | / / / /
 =========|_|==============|___/=/_/_/_/
 :: Spring Boot ::                (v3.1.1)

2023-08-24T15:08:23.872+07:00  WARN 19876 --- [           main] ory$DuplicateJsonObjectContextCustomizer : 

Found multiple occurrences of org.json.JSONObject on the class path:

	jar:file:/C:/Users/kauha/.m2/repository/com/vaadin/external/google/android-json/0.0.20131108.vaadin1/android-json-0.0.20131108.vaadin1.jar!/org/json/JSONObject.class
	jar:file:/C:/Users/kauha/.m2/repository/org/json/json/20170516/json-20170516.jar!/org/json/JSONObject.class

You may wish to exclude one of them to ensure predictable runtime behavior

2023-08-24T15:08:23.883+07:00  INFO 19876 --- [           main] c.k.A.AdMetricsBotApplicationTests       : Starting AdMetricsBotApplicationTests using Java 19.0.1 with PID 19876 (started by kauha in C:\GitHub\AdMetricsBot)
2023-08-24T15:08:23.884+07:00  INFO 19876 --- [           main] c.k.A.AdMetricsBotApplicationTests       : No active profile set, falling back to 1 default profile: "default"
2023-08-24T15:08:24.381+07:00  INFO 19876 --- [           main] .s.d.r.c.RepositoryConfigurationDelegate : Bootstrapping Spring Data JPA repositories in DEFAULT mode.
2023-08-24T15:08:24.438+07:00  INFO 19876 --- [           main] .s.d.r.c.RepositoryConfigurationDelegate : Finished Spring Data repository scanning in 50 ms. Found 6 JPA repository interfaces.
2023-08-24T15:08:24.820+07:00  INFO 19876 --- [           main] o.hibernate.jpa.internal.util.LogHelper  : HHH000204: Processing PersistenceUnitInfo [name: default]
2023-08-24T15:08:24.874+07:00  INFO 19876 --- [           main] org.hibernate.Version                    : HHH000412: Hibernate ORM core version 6.2.5.Final
2023-08-24T15:08:24.876+07:00  INFO 19876 --- [           main] org.hibernate.cfg.Environment            : HHH000406: Using bytecode reflection optimizer
2023-08-24T15:08:25.064+07:00  INFO 19876 --- [           main] o.h.b.i.BytecodeProviderInitiator        : HHH000021: Bytecode provider name : bytebuddy
2023-08-24T15:08:25.218+07:00  INFO 19876 --- [           main] o.s.o.j.p.SpringPersistenceUnitInfo      : No LoadTimeWeaver setup: ignoring JPA class transformer
2023-08-24T15:08:25.243+07:00  INFO 19876 --- [           main] com.zaxxer.hikari.HikariDataSource       : HikariPool-1 - Starting...
2023-08-24T15:08:25.701+07:00  INFO 19876 --- [           main] com.zaxxer.hikari.pool.HikariPool        : HikariPool-1 - Added connection org.postgresql.jdbc.PgConnection@5ac044ef
2023-08-24T15:08:25.703+07:00  INFO 19876 --- [           main] com.zaxxer.hikari.HikariDataSource       : HikariPool-1 - Start completed.
2023-08-24T15:08:26.006+07:00  INFO 19876 --- [           main] o.h.b.i.BytecodeProviderInitiator        : HHH000021: Bytecode provider name : bytebuddy
2023-08-24T15:08:26.474+07:00  INFO 19876 --- [           main] o.h.e.t.j.p.i.JtaPlatformInitiator       : HHH000490: Using JtaPlatform implementation: [org.hibernate.engine.transaction.jta.platform.internal.NoJtaPlatform]
Hibernate: alter table if exists scheduled_message_table alter column timer_message set data type time(6)
Hibernate: alter table if exists users_table alter column registered_at set data type timestamp(6)
Hibernate: alter table if exists users_table alter column time_zone set data type DOUBLE PRECISION
2023-08-24T15:08:26.890+07:00  INFO 19876 --- [           main] j.LocalContainerEntityManagerFactoryBean : Initialized JPA EntityManagerFactory for persistence unit 'default'
2023-08-24T15:08:27.085+07:00  INFO 19876 --- [           main] o.s.d.j.r.query.QueryEnhancerFactory     : Hibernate is in classpath; If applicable, HQL parser will be used.
Hibernate: select s1_0.chat_id,s1_0.enable_sending_messages,s1_0.timer_message from scheduled_message_table s1_0 where s1_0.timer_message=?
2023-08-24T15:08:28.729+07:00  INFO 19876 --- [           main] c.k.A.AdMetricsBotApplicationTests       : Started AdMetricsBotApplicationTests in 5.031 seconds (process running for 5.67)
]]></system-out>
  </testcase>
</testsuite>